#
# A fatal error has been detected by the Java Runtime Environment:
#
#  SIGSEGV (0xb) at pc=0x00007fe692812c87, pid=872, tid=140628298790656
#
# JRE version: OpenJDK Runtime Environment (8.0) (build 1.8.0-internal-abhi_2016_03_04_12_45-b00)
# Java VM: OpenJDK 64-Bit Server VM (25.0-b70 mixed mode linux-amd64 compressed oops)
# Problematic frame:
# V  [libjvm.so+0x60ec87]  vm_exit(int)+0x67
#
# Failed to write core dump. Core dumps have been disabled. To enable core dumping, try "ulimit -c unlimited" before starting Java again
#
# If you would like to submit a bug report, please visit:
#   http://bugreport.sun.com/bugreport/crash.jsp
#

---------------  T H R E A D  ---------------

Current thread (0x00007fe688009800):  JavaThread "main" [_thread_in_vm, id=874, stack(0x00007fe693bb7000,0x00007fe693cb8000)]

siginfo:si_signo=SIGSEGV: si_errno=0, si_code=1 (SEGV_MAPERR), si_addr=0x0000000000000008

Registers:
RAX=0x0000000000000000, RBX=0x00007fe692201880, RCX=0x00007fe693cbf000, RDX=0x00007fe69308e480
RSP=0x00007fe693cb6700, RBP=0x00007fe693cb6780, RSI=0x00007fe693488a40, RDI=0x0000000000000000
R8 =0x00007fe693488a40, R9 =0x00007fe693cb7700, R10=0x0000000000000001, R11=0x0000000000000000
R12=0x00007fe68802cf20, R13=0x00007fe692202bc0, R14=0x00007fe6930ab2f0, R15=0x00007fe688009800
RIP=0x00007fe692812c87, EFLAGS=0x0000000000010202, CSGSFS=0x0000000000000033, ERR=0x0000000000000004
  TRAPNO=0x000000000000000e

Top of Stack: (sp=0x00007fe693cb6700)
0x00007fe693cb6700:   00007fe688006970 00000000930c8950
0x00007fe693cb6710:   00007fe693cb6780 00007fe6928129a8
0x00007fe693cb6720:   0000000000000000 00007fe693adc330
0x00007fe693cb6730:   00007fe693cb67a0 00007fe692810793
0x00007fe693cb6740:   0000000000000000 00007fe688009800
0x00007fe693cb6750:   00007fe68d217d38 0000000000000000
0x00007fe693cb6760:   00007fe688009800 00007fe68d218668
0x00007fe693cb6770:   00007fe693cb6830 00007fe688009800
0x00007fe693cb6780:   00007fe693cb67b0 00007fe692854837
0x00007fe693cb6790:   0000000000000000 00007fe68d218668
0x00007fe693cb67a0:   0000000000000000 00007fe68d218668
0x00007fe693cb67b0:   00007fe693cb6810 00007fe679014d0e
0x00007fe693cb67c0:   fffffffe00000000 00007fe679014a5c
0x00007fe693cb67d0:   00007fe693cb67d0 00007fe68d218668
0x00007fe693cb67e0:   00007fe693cb6830 00007fe68d218b80
0x00007fe693cb67f0:   0000000000000000 00007fe68d218668
0x00007fe693cb6800:   0000000000000000 00007fe693cb6830
0x00007fe693cb6810:   00007fe693cb6888 00007fe6790072e0
0x00007fe693cb6820:   00000000fab5a5a0 00007fe67900ec18
0x00007fe693cb6830:   0000000000000000 00000000fab5a710
0x00007fe693cb6840:   00000000fab5a710 00007fe693cb6838
0x00007fe693cb6850:   00007fe68d2185b7 00007fe693cb68a8
0x00007fe693cb6860:   00007fe68d218b80 0000000000000000
0x00007fe693cb6870:   00007fe68d2185e0 00007fe693cb6830
0x00007fe693cb6880:   00007fe693cb68a8 00007fe693cb6900
0x00007fe693cb6890:   00007fe6790072e0 0000000000000000
0x00007fe693cb68a0:   00000000fab5a710 0000000000000000
0x00007fe693cb68b0:   00000000fab5a700 00000000fab5a5a0
0x00007fe693cb68c0:   00007fe693cb68b0 00007fe68d2188fb
0x00007fe693cb68d0:   00007fe693cb6930 00007fe68d218b80
0x00007fe693cb68e0:   0000000000000000 00007fe68d218948
0x00007fe693cb68f0:   00007fe693cb68a8 00007fe693cb6930 

Instructions: (pc=0x00007fe692812c87)
0x00007fe692812c67:   1d f4 71 86 00 4c 8d 35 7d 86 89 00 e9 c3 00 00
0x00007fe692812c77:   00 0f 1f 84 00 00 00 00 00 48 8d 15 f9 b7 87 00
0x00007fe692812c87:   8b 70 08 8b 4a 08 48 d3 e6 48 03 32 0f 84 ee 01
0x00007fe692812c97:   00 00 8b 70 08 48 d3 e6 48 8b 0a 48 83 7c 31 10 

Register to memory mapping:

RAX=0x0000000000000000 is an unknown value
RBX=0x00007fe692201880: _ZSt4cout+0 in /lib64/libstdc++.so.6 at 0x00007fe691ef5000
RCX=0x00007fe693cbf000 is an unknown value
RDX=0x00007fe69308e480: <offset 0xe8a480> in /media/sda13/OpenJDK/openjdk_orig/openjdk/build/linux-x86_64-normal-server-release/jdk/lib/amd64/server/libjvm.so at 0x00007fe692204000
RSP=0x00007fe693cb6700 is pointing into the stack for thread: 0x00007fe688009800
RBP=0x00007fe693cb6780 is pointing into the stack for thread: 0x00007fe688009800
RSI=0x00007fe693488a40: <offset 0x3b9a40> in /lib64/libc.so.6 at 0x00007fe6930cf000
RDI=0x0000000000000000 is an unknown value
R8 =0x00007fe693488a40: <offset 0x3b9a40> in /lib64/libc.so.6 at 0x00007fe6930cf000
R9 =0x00007fe693cb7700 is pointing into the stack for thread: 0x00007fe688009800
R10=0x0000000000000001 is an unknown value
R11=0x0000000000000000 is an unknown value
R12=0x00007fe68802cf20 is an unknown value
R13=0x00007fe692202bc0: <offset 0x30dbc0> in /lib64/libstdc++.so.6 at 0x00007fe691ef5000
R14=0x00007fe6930ab2f0: <offset 0xea72f0> in /media/sda13/OpenJDK/openjdk_orig/openjdk/build/linux-x86_64-normal-server-release/jdk/lib/amd64/server/libjvm.so at 0x00007fe692204000
R15=0x00007fe688009800 is a thread


Stack: [0x00007fe693bb7000,0x00007fe693cb8000],  sp=0x00007fe693cb6700,  free space=1021k
Native frames: (J=compiled Java code, j=interpreted, Vv=VM code, C=native code)
V  [libjvm.so+0x60ec87]  vm_exit(int)+0x67
V  [libjvm.so+0x650837]  JVM_Halt+0x37
j  java.lang.Shutdown.halt0(I)V+0
j  java.lang.Shutdown.halt(I)V+7
j  java.lang.Shutdown.exit(I)V+99
j  java.lang.Runtime.exit(I)V+14
j  java.lang.System.exit(I)V+4
j  Harness.main([Ljava/lang/String;)V+5
v  ~StubRoutines::call_stub
V  [libjvm.so+0x613273]  JavaCalls::call_helper(JavaValue*, methodHandle*, JavaCallArguments*, Thread*)+0xd43
V  [libjvm.so+0x623881]  jni_invoke_static(JNIEnv_*, JavaValue*, _jobject*, JNICallType, _jmethodID*, JNI_ArgumentPusher*, Thread*) [clone .isra.93]+0x2f1
V  [libjvm.so+0x6356fa]  jni_CallStaticVoidMethod+0x15a
C  [libjli.so+0x8cc8]  JavaMain+0x8d8

Java frames: (J=compiled Java code, j=interpreted, Vv=VM code)
j  java.lang.Shutdown.halt0(I)V+0
j  java.lang.Shutdown.halt(I)V+7
j  java.lang.Shutdown.exit(I)V+99
j  java.lang.Runtime.exit(I)V+14
j  java.lang.System.exit(I)V+4
j  Harness.main([Ljava/lang/String;)V+5
v  ~StubRoutines::call_stub

---------------  P R O C E S S  ---------------

Java Threads: ( => current thread )
  0x00007fe6881ff800 JavaThread "Service Thread" daemon [_thread_blocked, id=898, stack(0x00007fe658a18000,0x00007fe658b19000)]
  0x00007fe6881fa800 JavaThread "C1 CompilerThread3" daemon [_thread_blocked, id=897, stack(0x00007fe658b19000,0x00007fe658c1a000)]
  0x00007fe6881f6000 JavaThread "C2 CompilerThread2" daemon [_thread_blocked, id=895, stack(0x00007fe658c1a000,0x00007fe658d1b000)]
  0x00007fe6881f4000 JavaThread "C2 CompilerThread1" daemon [_thread_blocked, id=894, stack(0x00007fe658d1b000,0x00007fe658e1c000)]
  0x00007fe6881f1000 JavaThread "C2 CompilerThread0" daemon [_thread_blocked, id=893, stack(0x00007fe658e1c000,0x00007fe658f1d000)]
  0x00007fe6881c9800 JavaThread "Finalizer" daemon [_thread_blocked, id=887, stack(0x00007fe65901e000,0x00007fe65911f000)]
  0x00007fe6881c5800 JavaThread "Reference Handler" daemon [_thread_blocked, id=886, stack(0x00007fe65911f000,0x00007fe659220000)]
=>0x00007fe688009800 JavaThread "main" [_thread_in_vm, id=874, stack(0x00007fe693bb7000,0x00007fe693cb8000)]

Other Threads:
  0x00007fe6881c0800 VMThread [stack: 0x00007fe6780f1000,0x00007fe6781f2000] [id=885]

VM state:not at safepoint (normal execution)

VM Mutex/Monitor currently owned by a thread: None

Heap:
 PSYoungGen      total 499200K, used 418685K [0x00000000e1700000, 0x0000000100000000, 0x0000000100000000)
  eden space 497664K, 83% used [0x00000000e1700000,0x00000000faf274f0,0x00000000ffd00000)
  from space 1536K, 47% used [0x00000000ffd00000,0x00000000ffdb8000,0x00000000ffe80000)
  to   space 1536K, 0% used [0x00000000ffe80000,0x00000000ffe80000,0x0000000100000000)
 ParOldGen       total 92672K, used 9397K [0x00000000a4400000, 0x00000000a9e80000, 0x00000000e1700000)
  object space 92672K, 10% used [0x00000000a4400000,0x00000000a4d2d5a0,0x00000000a9e80000)
 Metaspace       used 5401K, capacity 5922K, committed 6016K, reserved 1056768K
  class space    used 559K, capacity 609K, committed 640K, reserved 1048576K

Card table byte_map: [0x00007fe68e34c000,0x00007fe68e62b000] byte_map_base: 0x00007fe68de2a000

Marking Bits: (ParMarkBitMap*) 0x00007fe6930b3dc0
 Begin Bits: [0x00007fe659220000, 0x00007fe65a910000)
 End Bits:   [0x00007fe65a910000, 0x00007fe65c000000)

Polling page: 0x00007fe693ce5000

CodeCache: size=245760Kb used=4524Kb max_used=4543Kb free=241235Kb
 bounds [0x00007fe679000000, 0x00007fe679480000, 0x00007fe688000000]
 total_blobs=1313 nmethods=1023 adapters=205
 compilation: enabled

Compilation events (10 events):
Event: 14.422 Thread 0x00007fe6881fa800 1023       3       java.util.LinkedHashMap$LinkedHashIterator::hasNext()Z (13 bytes)
Event: 14.422 Thread 0x00007fe6881fa800 nmethod 1023 0x00007fe679450b90 code [0x00007fe679450ce0, 0x00007fe679450e90]
Event: 14.422 Thread 0x00007fe6881fa800 1024       3       java.util.LinkedHashMap$LinkedHashIterator::nextNode()Ljava/util/LinkedHashMap$Entry; (54 bytes)
Event: 14.422 Thread 0x00007fe6881fa800 nmethod 1024 0x00007fe679461b10 code [0x00007fe679461ca0, 0x00007fe679461f98]
Event: 14.424 Thread 0x00007fe6881fa800 1025       3       java.util.LinkedHashMap::clear()V (15 bytes)
Event: 14.425 Thread 0x00007fe6881fa800 nmethod 1025 0x00007fe679461750 code [0x00007fe6794618c0, 0x00007fe679461a88]
Event: 14.425 Thread 0x00007fe6881fa800 1026  s    3       java.io.ExpiringCache::clear()V (10 bytes)
Event: 14.425 Thread 0x00007fe6881fa800 nmethod 1026 0x00007fe679461150 code [0x00007fe6794612c0, 0x00007fe679461648]
Event: 14.425 Thread 0x00007fe6881fa800 1027       3       java.io.File::isDirectory()Z (43 bytes)
Event: 14.425 Thread 0x00007fe6881fa800 nmethod 1027 0x00007fe679460a10 code [0x00007fe679460ba0, 0x00007fe679461008]

GC Heap History (10 events):
Event: 13.767 GC heap before
{Heap before GC invocations=54 (full 1):
 PSYoungGen      total 348160K, used 348016K [0x00000000e1700000, 0x00000000f6f80000, 0x0000000100000000)
  eden space 347136K, 100% used [0x00000000e1700000,0x00000000f6a00000,0x00000000f6a00000)
  from space 1024K, 85% used [0x00000000f6b80000,0x00000000f6c5c030,0x00000000f6c80000)
  to   space 1536K, 0% used [0x00000000f6a00000,0x00000000f6a00000,0x00000000f6b80000)
 ParOldGen       total 92672K, used 6788K [0x00000000a4400000, 0x00000000a9e80000, 0x00000000e1700000)
  object space 92672K, 7% used [0x00000000a4400000,0x00000000a4aa1020,0x00000000a9e80000)
 Metaspace       used 5335K, capacity 5916K, committed 6016K, reserved 1056768K
  class space    used 554K, capacity 608K, committed 640K, reserved 1048576K
Event: 13.769 GC heap after
Heap after GC invocations=54 (full 1):
 PSYoungGen      total 348672K, used 576K [0x00000000e1700000, 0x00000000fb480000, 0x0000000100000000)
  eden space 347136K, 0% used [0x00000000e1700000,0x00000000e1700000,0x00000000f6a00000)
  from space 1536K, 37% used [0x00000000f6a00000,0x00000000f6a90030,0x00000000f6b80000)
  to   space 1536K, 0% used [0x00000000fb300000,0x00000000fb300000,0x00000000fb480000)
 ParOldGen       total 92672K, used 7480K [0x00000000a4400000, 0x00000000a9e80000, 0x00000000e1700000)
  object space 92672K, 8% used [0x00000000a4400000,0x00000000a4b4e210,0x00000000a9e80000)
 Metaspace       used 5335K, capacity 5916K, committed 6016K, reserved 1056768K
  class space    used 554K, capacity 608K, committed 640K, reserved 1048576K
}
Event: 13.835 GC heap before
{Heap before GC invocations=55 (full 1):
 PSYoungGen      total 348672K, used 347712K [0x00000000e1700000, 0x00000000fb480000, 0x0000000100000000)
  eden space 347136K, 100% used [0x00000000e1700000,0x00000000f6a00000,0x00000000f6a00000)
  from space 1536K, 37% used [0x00000000f6a00000,0x00000000f6a90030,0x00000000f6b80000)
  to   space 1536K, 0% used [0x00000000fb300000,0x00000000fb300000,0x00000000fb480000)
 ParOldGen       total 92672K, used 7480K [0x00000000a4400000, 0x00000000a9e80000, 0x00000000e1700000)
  object space 92672K, 8% used [0x00000000a4400000,0x00000000a4b4e210,0x00000000a9e80000)
 Metaspace       used 5340K, capacity 5916K, committed 6016K, reserved 1056768K
  class space    used 554K, capacity 608K, committed 640K, reserved 1048576K
Event: 13.836 GC heap after
Heap after GC invocations=55 (full 1):
 PSYoungGen      total 421888K, used 784K [0x00000000e1700000, 0x00000000fb480000, 0x0000000100000000)
  eden space 420352K, 0% used [0x00000000e1700000,0x00000000e1700000,0x00000000fb180000)
  from space 1536K, 51% used [0x00000000fb300000,0x00000000fb3c4010,0x00000000fb480000)
  to   space 1536K, 0% used [0x00000000fb180000,0x00000000fb180000,0x00000000fb300000)
 ParOldGen       total 92672K, used 7852K [0x00000000a4400000, 0x00000000a9e80000, 0x00000000e1700000)
  object space 92672K, 8% used [0x00000000a4400000,0x00000000a4bab2d0,0x00000000a9e80000)
 Metaspace       used 5340K, capacity 5916K, committed 6016K, reserved 1056768K
  class space    used 554K, capacity 608K, committed 640K, reserved 1048576K
}
Event: 13.920 GC heap before
{Heap before GC invocations=56 (full 1):
 PSYoungGen      total 421888K, used 421136K [0x00000000e1700000, 0x00000000fb480000, 0x0000000100000000)
  eden space 420352K, 100% used [0x00000000e1700000,0x00000000fb180000,0x00000000fb180000)
  from space 1536K, 51% used [0x00000000fb300000,0x00000000fb3c4010,0x00000000fb480000)
  to   space 1536K, 0% used [0x00000000fb180000,0x00000000fb180000,0x00000000fb300000)
 ParOldGen       total 92672K, used 7852K [0x00000000a4400000, 0x00000000a9e80000, 0x00000000e1700000)
  object space 92672K, 8% used [0x00000000a4400000,0x00000000a4bab2d0,0x00000000a9e80000)
 Metaspace       used 5340K, capacity 5916K, committed 6016K, reserved 1056768K
  class space    used 554K, capacity 608K, committed 640K, reserved 1048576K
Event: 13.921 GC heap after
Heap after GC invocations=56 (full 1):
 PSYoungGen      total 421888K, used 800K [0x00000000e1700000, 0x0000000100000000, 0x0000000100000000)
  eden space 420352K, 0% used [0x00000000e1700000,0x00000000e1700000,0x00000000fb180000)
  from space 1536K, 52% used [0x00000000fb180000,0x00000000fb248020,0x00000000fb300000)
  to   space 1536K, 0% used [0x00000000ffe80000,0x00000000ffe80000,0x0000000100000000)
 ParOldGen       total 92672K, used 8348K [0x00000000a4400000, 0x00000000a9e80000, 0x00000000e1700000)
  object space 92672K, 9% used [0x00000000a4400000,0x00000000a4c273f0,0x00000000a9e80000)
 Metaspace       used 5340K, capacity 5916K, committed 6016K, reserved 1056768K
  class space    used 554K, capacity 608K, committed 640K, reserved 1048576K
}
Event: 14.001 GC heap before
{Heap before GC invocations=57 (full 1):
 PSYoungGen      total 421888K, used 421152K [0x00000000e1700000, 0x0000000100000000, 0x0000000100000000)
  eden space 420352K, 100% used [0x00000000e1700000,0x00000000fb180000,0x00000000fb180000)
  from space 1536K, 52% used [0x00000000fb180000,0x00000000fb248020,0x00000000fb300000)
  to   space 1536K, 0% used [0x00000000ffe80000,0x00000000ffe80000,0x0000000100000000)
 ParOldGen       total 92672K, used 8348K [0x00000000a4400000, 0x00000000a9e80000, 0x00000000e1700000)
  object space 92672K, 9% used [0x00000000a4400000,0x00000000a4c273f0,0x00000000a9e80000)
 Metaspace       used 5343K, capacity 5916K, committed 6016K, reserved 1056768K
  class space    used 554K, capacity 608K, committed 640K, reserved 1048576K
Event: 14.003 GC heap after
Heap after GC invocations=57 (full 1):
 PSYoungGen      total 499200K, used 928K [0x00000000e1700000, 0x0000000100000000, 0x0000000100000000)
  eden space 497664K, 0% used [0x00000000e1700000,0x00000000e1700000,0x00000000ffd00000)
  from space 1536K, 60% used [0x00000000ffe80000,0x00000000fff68020,0x0000000100000000)
  to   space 1536K, 0% used [0x00000000ffd00000,0x00000000ffd00000,0x00000000ffe80000)
 ParOldGen       total 92672K, used 8837K [0x00000000a4400000, 0x00000000a9e80000, 0x00000000e1700000)
  object space 92672K, 9% used [0x00000000a4400000,0x00000000a4ca14c0,0x00000000a9e80000)
 Metaspace       used 5343K, capacity 5916K, committed 6016K, reserved 1056768K
  class space    used 554K, capacity 608K, committed 640K, reserved 1048576K
}
Event: 14.098 GC heap before
{Heap before GC invocations=58 (full 1):
 PSYoungGen      total 499200K, used 498592K [0x00000000e1700000, 0x0000000100000000, 0x0000000100000000)
  eden space 497664K, 100% used [0x00000000e1700000,0x00000000ffd00000,0x00000000ffd00000)
  from space 1536K, 60% used [0x00000000ffe80000,0x00000000fff68020,0x0000000100000000)
  to   space 1536K, 0% used [0x00000000ffd00000,0x00000000ffd00000,0x00000000ffe80000)
 ParOldGen       total 92672K, used 8837K [0x00000000a4400000, 0x00000000a9e80000, 0x00000000e1700000)
  object space 92672K, 9% used [0x00000000a4400000,0x00000000a4ca14c0,0x00000000a9e80000)
 Metaspace       used 5344K, capacity 5916K, committed 6016K, reserved 1056768K
  class space    used 554K, capacity 608K, committed 640K, reserved 1048576K
Event: 14.099 GC heap after
Heap after GC invocations=58 (full 1):
 PSYoungGen      total 499200K, used 736K [0x00000000e1700000, 0x0000000100000000, 0x0000000100000000)
  eden space 497664K, 0% used [0x00000000e1700000,0x00000000e1700000,0x00000000ffd00000)
  from space 1536K, 47% used [0x00000000ffd00000,0x00000000ffdb8000,0x00000000ffe80000)
  to   space 1536K, 0% used [0x00000000ffe80000,0x00000000ffe80000,0x0000000100000000)
 ParOldGen       total 92672K, used 9397K [0x00000000a4400000, 0x00000000a9e80000, 0x00000000e1700000)
  object space 92672K, 10% used [0x00000000a4400000,0x00000000a4d2d5a0,0x00000000a9e80000)
 Metaspace       used 5344K, capacity 5916K, committed 6016K, reserved 1056768K
  class space    used 554K, capacity 608K, committed 640K, reserved 1048576K
}

Deoptimization events (10 events):
Event: 12.867 Thread 0x00007fe6882a1800 Uncommon trap: reason=null_check action=make_not_entrant pc=0x00007fe6792b4ecc method=org.apache.lucene.util.CloseableThreadLocal.get()Ljava/lang/Object; @ 7
Event: 12.868 Thread 0x00007fe68824f800 Uncommon trap: reason=null_check action=make_not_entrant pc=0x00007fe6792a9d1c method=org.apache.lucene.util.CloseableThreadLocal.get()Ljava/lang/Object; @ 7
Event: 13.251 Thread 0x00007fe68824f800 Uncommon trap: reason=unreached action=reinterpret pc=0x00007fe679300684 method=java.util.LinkedHashMap.afterNodeAccess(Ljava/util/HashMap$Node;)V @ 14
Event: 13.290 Thread 0x00007fe68821d000 Uncommon trap: reason=unreached action=reinterpret pc=0x00007fe6792f507c method=java.lang.ThreadLocal$ThreadLocalMap.getEntry(Ljava/lang/ThreadLocal;)Ljava/lang/ThreadLocal$ThreadLocalMap$Entry; @ 29
Event: 13.290 Thread 0x00007fe68821d000 Uncommon trap: reason=unreached action=reinterpret pc=0x00007fe6792f4694 method=java.lang.ThreadLocal$ThreadLocalMap.getEntry(Ljava/lang/ThreadLocal;)Ljava/lang/ThreadLocal$ThreadLocalMap$Entry; @ 29
Event: 13.290 Thread 0x00007fe68821d000 Uncommon trap: reason=unreached action=reinterpret pc=0x00007fe6792740d4 method=java.lang.ThreadLocal$ThreadLocalMap.getEntry(Ljava/lang/ThreadLocal;)Ljava/lang/ThreadLocal$ThreadLocalMap$Entry; @ 29
Event: 13.290 Thread 0x00007fe68821d000 Uncommon trap: reason=unreached action=reinterpret pc=0x00007fe67926b22c method=java.lang.ThreadLocal$ThreadLocalMap.getEntry(Ljava/lang/ThreadLocal;)Ljava/lang/ThreadLocal$ThreadLocalMap$Entry; @ 29
Event: 13.338 Thread 0x00007fe68821d000 Uncommon trap: reason=unreached action=reinterpret pc=0x00007fe67934200c method=java.lang.ThreadLocal$ThreadLocalMap.getEntry(Ljava/lang/ThreadLocal;)Ljava/lang/ThreadLocal$ThreadLocalMap$Entry; @ 29
Event: 13.369 Thread 0x00007fe68821d000 Uncommon trap: reason=unreached action=reinterpret pc=0x00007fe679328938 method=org.apache.lucene.analysis.CharArraySet.contains([CII)Z @ 12
Event: 14.307 Thread 0x00007fe688009800 Uncommon trap: reason=unreached action=reinterpret pc=0x00007fe679444908 method=sun.security.provider.DigestBase.engineUpdate(B)V @ 4

Internal exceptions (10 events):
Event: 12.479 Thread 0x00007fe6882a1800 Exception <a 'java/security/PrivilegedActionException'> (0x00000000e17fab70) thrown at [/media/sda13/OpenJDK/openjdk_orig/openjdk/hotspot/src/share/vm/prims/jvm.cpp, line 1248]
Event: 12.479 Thread 0x00007fe6882a5000 Exception <a 'java/security/PrivilegedActionException'> (0x00000000e17fba50) thrown at [/media/sda13/OpenJDK/openjdk_orig/openjdk/hotspot/src/share/vm/prims/jvm.cpp, line 1248]
Event: 12.500 Thread 0x00007fe6882a3000 Exception <a 'java/security/PrivilegedActionException'> (0x00000000e1798cc8) thrown at [/media/sda13/OpenJDK/openjdk_orig/openjdk/hotspot/src/share/vm/prims/jvm.cpp, line 1248]
Event: 12.867 Thread 0x00007fe6882a1800 Implicit null exception at 0x00007fe6792b4d54 to 0x00007fe6792b4ebd
Event: 12.868 Thread 0x00007fe68824f800 Implicit null exception at 0x00007fe6792a9c1f to 0x00007fe6792a9d0d
Event: 12.912 Thread 0x00007fe6882a3000 Exception <a 'java/security/PrivilegedActionException'> (0x00000000e22a9b50) thrown at [/media/sda13/OpenJDK/openjdk_orig/openjdk/hotspot/src/share/vm/prims/jvm.cpp, line 1248]
Event: 13.276 Thread 0x00007fe6882a1800 Exception <a 'java/security/PrivilegedActionException'> (0x00000000e59903d0) thrown at [/media/sda13/OpenJDK/openjdk_orig/openjdk/hotspot/src/share/vm/prims/jvm.cpp, line 1248]
Event: 14.258 Thread 0x00007fe688009800 Exception <a 'java/security/PrivilegedActionException'> (0x00000000f94f7f30) thrown at [/media/sda13/OpenJDK/openjdk_orig/openjdk/hotspot/src/share/vm/prims/jvm.cpp, line 1248]
Event: 14.259 Thread 0x00007fe688009800 Exception <a 'java/security/PrivilegedActionException'> (0x00000000f94fcf70) thrown at [/media/sda13/OpenJDK/openjdk_orig/openjdk/hotspot/src/share/vm/prims/jvm.cpp, line 1248]
Event: 14.307 Thread 0x00007fe688009800 Implicit null exception at 0x00007fe6794445ad to 0x00007fe6794448f5

Events (10 events):
Event: 14.391 Thread 0x00007fe688009800 DEOPT PACKING pc=0x00007fe67944ecd5 sp=0x00007fe693cb6610
Event: 14.391 Thread 0x00007fe688009800 DEOPT UNPACKING pc=0x00007fe67904741a sp=0x00007fe693cb6410 mode 0
Event: 14.393 Thread 0x00007fe688009800 DEOPT PACKING pc=0x00007fe67944ecd5 sp=0x00007fe693cb6610
Event: 14.393 Thread 0x00007fe688009800 DEOPT UNPACKING pc=0x00007fe67904741a sp=0x00007fe693cb6410 mode 0
Event: 14.396 Thread 0x00007fe688009800 DEOPT PACKING pc=0x00007fe67944ecd5 sp=0x00007fe693cb6610
Event: 14.396 Thread 0x00007fe688009800 DEOPT UNPACKING pc=0x00007fe67904741a sp=0x00007fe693cb6410 mode 0
Event: 14.426 loading class java/lang/Shutdown
Event: 14.448 loading class java/lang/Shutdown done
Event: 14.448 loading class java/lang/Shutdown$Lock
Event: 14.449 loading class java/lang/Shutdown$Lock done


Dynamic libraries:
00400000-00401000 r-xp 00000000 08:0c 474978                             /media/sda13/OpenJDK/openjdk_orig/openjdk/build/linux-x86_64-normal-server-release/jdk/bin/java
00600000-00601000 r--p 00000000 08:0c 474978                             /media/sda13/OpenJDK/openjdk_orig/openjdk/build/linux-x86_64-normal-server-release/jdk/bin/java
00601000-00602000 rw-p 00001000 08:0c 474978                             /media/sda13/OpenJDK/openjdk_orig/openjdk/build/linux-x86_64-normal-server-release/jdk/bin/java
00f9e000-00fe0000 rw-p 00000000 00:00 0                                  [heap]
a4400000-a9e80000 rw-p 00000000 00:00 0 
a9e80000-e1700000 ---p 00000000 00:00 0 
e1700000-100000000 rw-p 00000000 00:00 0 
100000000-1000a0000 rw-p 00000000 00:00 0 
1000a0000-140000000 ---p 00000000 00:00 0 
7fe600000000-7fe600021000 rw-p 00000000 00:00 0 
7fe600021000-7fe604000000 ---p 00000000 00:00 0 
7fe608000000-7fe608021000 rw-p 00000000 00:00 0 
7fe608021000-7fe60c000000 ---p 00000000 00:00 0 
7fe60c000000-7fe60c031000 rw-p 00000000 00:00 0 
7fe60c031000-7fe610000000 ---p 00000000 00:00 0 
7fe610000000-7fe61004b000 rw-p 00000000 00:00 0 
7fe61004b000-7fe614000000 ---p 00000000 00:00 0 
7fe614000000-7fe614033000 rw-p 00000000 00:00 0 
7fe614033000-7fe618000000 ---p 00000000 00:00 0 
7fe618000000-7fe61805b000 rw-p 00000000 00:00 0 
7fe61805b000-7fe61c000000 ---p 00000000 00:00 0 
7fe61c000000-7fe61c021000 rw-p 00000000 00:00 0 
7fe61c021000-7fe620000000 ---p 00000000 00:00 0 
7fe620000000-7fe620021000 rw-p 00000000 00:00 0 
7fe620021000-7fe624000000 ---p 00000000 00:00 0 
7fe624000000-7fe624045000 rw-p 00000000 00:00 0 
7fe624045000-7fe628000000 ---p 00000000 00:00 0 
7fe628000000-7fe62863d000 rw-p 00000000 00:00 0 
7fe62863d000-7fe62c000000 ---p 00000000 00:00 0 
7fe62c000000-7fe62c021000 rw-p 00000000 00:00 0 
7fe62c021000-7fe630000000 ---p 00000000 00:00 0 
7fe630000000-7fe630c52000 rw-p 00000000 00:00 0 
7fe630c52000-7fe634000000 ---p 00000000 00:00 0 
7fe634000000-7fe635079000 rw-p 00000000 00:00 0 
7fe635079000-7fe638000000 ---p 00000000 00:00 0 
7fe638000000-7fe638dbc000 rw-p 00000000 00:00 0 
7fe638dbc000-7fe63c000000 ---p 00000000 00:00 0 
7fe63da8d000-7fe644000000 r--p 00000000 08:08 1711102                    /usr/lib/locale/locale-archive
7fe644000000-7fe644021000 rw-p 00000000 00:00 0 
7fe644021000-7fe648000000 ---p 00000000 00:00 0 
7fe648000000-7fe648021000 rw-p 00000000 00:00 0 
7fe648021000-7fe64c000000 ---p 00000000 00:00 0 
7fe64c000000-7fe64c021000 rw-p 00000000 00:00 0 
7fe64c021000-7fe650000000 ---p 00000000 00:00 0 
7fe650000000-7fe650021000 rw-p 00000000 00:00 0 
7fe650021000-7fe654000000 ---p 00000000 00:00 0 
7fe654000000-7fe654021000 rw-p 00000000 00:00 0 
7fe654021000-7fe658000000 ---p 00000000 00:00 0 
7fe65810f000-7fe658112000 ---p 00000000 00:00 0 
7fe658112000-7fe658210000 rw-p 00000000 00:00 0 
7fe658210000-7fe658213000 ---p 00000000 00:00 0 
7fe658213000-7fe658311000 rw-p 00000000 00:00 0 
7fe658311000-7fe658314000 ---p 00000000 00:00 0 
7fe658314000-7fe658412000 rw-p 00000000 00:00 0 
7fe658412000-7fe658415000 ---p 00000000 00:00 0 
7fe658415000-7fe658513000 rw-p 00000000 00:00 0 
7fe658513000-7fe658516000 ---p 00000000 00:00 0 
7fe658516000-7fe658614000 rw-p 00000000 00:00 0 
7fe658614000-7fe658617000 ---p 00000000 00:00 0 
7fe658617000-7fe658715000 rw-p 00000000 00:00 0 
7fe658715000-7fe658718000 ---p 00000000 00:00 0 
7fe658718000-7fe658816000 rw-p 00000000 00:00 0 
7fe658816000-7fe658819000 ---p 00000000 00:00 0 
7fe658819000-7fe658917000 rw-p 00000000 00:00 0 
7fe658917000-7fe658918000 ---p 00000000 00:00 0 
7fe658918000-7fe658a18000 rw-p 00000000 00:00 0 
7fe658a18000-7fe658a1b000 ---p 00000000 00:00 0 
7fe658a1b000-7fe658b19000 rw-p 00000000 00:00 0                          [stack:898]
7fe658b19000-7fe658b1c000 ---p 00000000 00:00 0 
7fe658b1c000-7fe658c1a000 rw-p 00000000 00:00 0                          [stack:897]
7fe658c1a000-7fe658c1d000 ---p 00000000 00:00 0 
7fe658c1d000-7fe658d1b000 rw-p 00000000 00:00 0                          [stack:895]
7fe658d1b000-7fe658d1e000 ---p 00000000 00:00 0 
7fe658d1e000-7fe658e1c000 rw-p 00000000 00:00 0                          [stack:894]
7fe658e1c000-7fe658e1f000 ---p 00000000 00:00 0 
7fe658e1f000-7fe658f1d000 rw-p 00000000 00:00 0                          [stack:893]
7fe658f1d000-7fe658f20000 ---p 00000000 00:00 0 
7fe658f20000-7fe65901e000 rw-p 00000000 00:00 0 
7fe65901e000-7fe659021000 ---p 00000000 00:00 0 
7fe659021000-7fe65911f000 rw-p 00000000 00:00 0                          [stack:887]
7fe65911f000-7fe659122000 ---p 00000000 00:00 0 
7fe659122000-7fe65c000000 rw-p 00000000 00:00 0                          [stack:886]
7fe65c000000-7fe65c021000 rw-p 00000000 00:00 0 
7fe65c021000-7fe660000000 ---p 00000000 00:00 0 
7fe660000000-7fe660021000 rw-p 00000000 00:00 0 
7fe660021000-7fe664000000 ---p 00000000 00:00 0 
7fe664000000-7fe664021000 rw-p 00000000 00:00 0 
7fe664021000-7fe668000000 ---p 00000000 00:00 0 
7fe668000000-7fe668021000 rw-p 00000000 00:00 0 
7fe668021000-7fe66c000000 ---p 00000000 00:00 0 
7fe66c000000-7fe66c021000 rw-p 00000000 00:00 0 
7fe66c021000-7fe670000000 ---p 00000000 00:00 0 
7fe670000000-7fe670021000 rw-p 00000000 00:00 0 
7fe670021000-7fe674000000 ---p 00000000 00:00 0 
7fe674000000-7fe674021000 rw-p 00000000 00:00 0 
7fe674021000-7fe678000000 ---p 00000000 00:00 0 
7fe6780f1000-7fe6780f2000 ---p 00000000 00:00 0 
7fe6780f2000-7fe679000000 rw-p 00000000 00:00 0                          [stack:885]
7fe679000000-7fe679480000 rwxp 00000000 00:00 0 
7fe679480000-7fe688000000 ---p 00000000 00:00 0 
7fe688000000-7fe688512000 rw-p 00000000 00:00 0 
7fe688512000-7fe68c000000 ---p 00000000 00:00 0 
7fe68c0f9000-7fe68d3bc000 rw-p 00000000 00:00 0 
7fe68d3bc000-7fe68d67c000 ---p 00000000 00:00 0 
7fe68d67c000-7fe68d95a000 rw-p 00000000 00:00 0 
7fe68d95a000-7fe68d95b000 ---p 00000000 00:00 0 
7fe68d95b000-7fe68da5b000 rw-p 00000000 00:00 0                          [stack:883]
7fe68da5b000-7fe68da5c000 ---p 00000000 00:00 0 
7fe68da5c000-7fe68db5c000 rw-p 00000000 00:00 0                          [stack:882]
7fe68db5c000-7fe68db5d000 ---p 00000000 00:00 0 
7fe68db5d000-7fe68dc5d000 rw-p 00000000 00:00 0                          [stack:881]
7fe68dc5d000-7fe68dc5e000 ---p 00000000 00:00 0 
7fe68dc5e000-7fe68dd5e000 rw-p 00000000 00:00 0                          [stack:880]
7fe68dd5e000-7fe68dd5f000 ---p 00000000 00:00 0 
7fe68dd5f000-7fe68de5f000 rw-p 00000000 00:00 0                          [stack:879]
7fe68de5f000-7fe68de60000 ---p 00000000 00:00 0 
7fe68de60000-7fe68df60000 rw-p 00000000 00:00 0                          [stack:878]
7fe68df60000-7fe68df61000 ---p 00000000 00:00 0 
7fe68df61000-7fe68e061000 rw-p 00000000 00:00 0                          [stack:877]
7fe68e061000-7fe68e062000 ---p 00000000 00:00 0 
7fe68e062000-7fe68e190000 rw-p 00000000 00:00 0                          [stack:875]
7fe68e190000-7fe68e34c000 ---p 00000000 00:00 0 
7fe68e34c000-7fe68e37a000 rw-p 00000000 00:00 0 
7fe68e37a000-7fe68e535000 ---p 00000000 00:00 0 
7fe68e535000-7fe68e62a000 rw-p 00000000 00:00 0 
7fe68e62a000-7fe68e63d000 rw-p 00000000 00:00 0 
7fe68e63d000-7fe68e9eb000 ---p 00000000 00:00 0 
7fe68e9eb000-7fe68ea07000 r-xp 00000000 08:0c 436130                     /media/sda13/OpenJDK/openjdk_orig/openjdk/build/linux-x86_64-normal-server-release/jdk/lib/amd64/libzip.so
7fe68ea07000-7fe68ec06000 ---p 0001c000 08:0c 436130                     /media/sda13/OpenJDK/openjdk_orig/openjdk/build/linux-x86_64-normal-server-release/jdk/lib/amd64/libzip.so
7fe68ec06000-7fe68ec07000 r--p 0001b000 08:0c 436130                     /media/sda13/OpenJDK/openjdk_orig/openjdk/build/linux-x86_64-normal-server-release/jdk/lib/amd64/libzip.so
7fe68ec07000-7fe68ec08000 rw-p 0001c000 08:0c 436130                     /media/sda13/OpenJDK/openjdk_orig/openjdk/build/linux-x86_64-normal-server-release/jdk/lib/amd64/libzip.so
7fe68ec08000-7fe68ec14000 r-xp 00000000 08:08 1708129                    /usr/lib64/libnss_files-2.20.so
7fe68ec14000-7fe68ee13000 ---p 0000c000 08:08 1708129                    /usr/lib64/libnss_files-2.20.so
7fe68ee13000-7fe68ee14000 r--p 0000b000 08:08 1708129                    /usr/lib64/libnss_files-2.20.so
7fe68ee14000-7fe68ee15000 rw-p 0000c000 08:08 1708129                    /usr/lib64/libnss_files-2.20.so
7fe68ee15000-7fe68ee42000 r-xp 00000000 08:0c 436108                     /media/sda13/OpenJDK/openjdk_orig/openjdk/build/linux-x86_64-normal-server-release/jdk/lib/amd64/libjava.so
7fe68ee42000-7fe68f041000 ---p 0002d000 08:0c 436108                     /media/sda13/OpenJDK/openjdk_orig/openjdk/build/linux-x86_64-normal-server-release/jdk/lib/amd64/libjava.so
7fe68f041000-7fe68f042000 r--p 0002c000 08:0c 436108                     /media/sda13/OpenJDK/openjdk_orig/openjdk/build/linux-x86_64-normal-server-release/jdk/lib/amd64/libjava.so
7fe68f042000-7fe68f044000 rw-p 0002d000 08:0c 436108                     /media/sda13/OpenJDK/openjdk_orig/openjdk/build/linux-x86_64-normal-server-release/jdk/lib/amd64/libjava.so
7fe68f044000-7fe68f051000 r-xp 00000000 08:0c 436023                     /media/sda13/OpenJDK/openjdk_orig/openjdk/build/linux-x86_64-normal-server-release/jdk/lib/amd64/libverify.so
7fe68f051000-7fe68f250000 ---p 0000d000 08:0c 436023                     /media/sda13/OpenJDK/openjdk_orig/openjdk/build/linux-x86_64-normal-server-release/jdk/lib/amd64/libverify.so
7fe68f250000-7fe68f252000 r--p 0000c000 08:0c 436023                     /media/sda13/OpenJDK/openjdk_orig/openjdk/build/linux-x86_64-normal-server-release/jdk/lib/amd64/libverify.so
7fe68f252000-7fe68f253000 rw-p 0000e000 08:0c 436023                     /media/sda13/OpenJDK/openjdk_orig/openjdk/build/linux-x86_64-normal-server-release/jdk/lib/amd64/libverify.so
7fe68f253000-7fe68f2bf000 r-xp 00000000 08:08 1708184                    /usr/lib64/libpcre.so.1.2.3
7fe68f2bf000-7fe68f4be000 ---p 0006c000 08:08 1708184                    /usr/lib64/libpcre.so.1.2.3
7fe68f4be000-7fe68f4bf000 r--p 0006b000 08:08 1708184                    /usr/lib64/libpcre.so.1.2.3
7fe68f4bf000-7fe68f4c0000 rw-p 0006c000 08:08 1708184                    /usr/lib64/libpcre.so.1.2.3
7fe68f4c0000-7fe68f4e1000 r-xp 00000000 08:08 1708633                    /usr/lib64/libselinux.so.1
7fe68f4e1000-7fe68f6e1000 ---p 00021000 08:08 1708633                    /usr/lib64/libselinux.so.1
7fe68f6e1000-7fe68f6e2000 r--p 00021000 08:08 1708633                    /usr/lib64/libselinux.so.1
7fe68f6e2000-7fe68f6e3000 rw-p 00022000 08:08 1708633                    /usr/lib64/libselinux.so.1
7fe68f6e3000-7fe68f6e5000 rw-p 00000000 00:00 0 
7fe68f6e5000-7fe68f6fc000 r-xp 00000000 08:08 1708231                    /usr/lib64/libresolv-2.20.so
7fe68f6fc000-7fe68f8fb000 ---p 00017000 08:08 1708231                    /usr/lib64/libresolv-2.20.so
7fe68f8fb000-7fe68f8fc000 r--p 00016000 08:08 1708231                    /usr/lib64/libresolv-2.20.so
7fe68f8fc000-7fe68f8fd000 rw-p 00017000 08:08 1708231                    /usr/lib64/libresolv-2.20.so
7fe68f8fd000-7fe68f8ff000 rw-p 00000000 00:00 0 
7fe68f8ff000-7fe68f902000 r-xp 00000000 08:08 1709323                    /usr/lib64/libkeyutils.so.1.5
7fe68f902000-7fe68fb01000 ---p 00003000 08:08 1709323                    /usr/lib64/libkeyutils.so.1.5
7fe68fb01000-7fe68fb02000 r--p 00002000 08:08 1709323                    /usr/lib64/libkeyutils.so.1.5
7fe68fb02000-7fe68fb03000 rw-p 00003000 08:08 1709323                    /usr/lib64/libkeyutils.so.1.5
7fe68fb03000-7fe68fb11000 r-xp 00000000 08:08 1708048                    /usr/lib64/libkrb5support.so.0.1
7fe68fb11000-7fe68fd10000 ---p 0000e000 08:08 1708048                    /usr/lib64/libkrb5support.so.0.1
7fe68fd10000-7fe68fd11000 r--p 0000d000 08:08 1708048                    /usr/lib64/libkrb5support.so.0.1
7fe68fd11000-7fe68fd12000 rw-p 0000e000 08:08 1708048                    /usr/lib64/libkrb5support.so.0.1
7fe68fd12000-7fe68fd27000 r-xp 00000000 08:08 1709845                    /usr/lib64/libz.so.1.2.8
7fe68fd27000-7fe68ff26000 ---p 00015000 08:08 1709845                    /usr/lib64/libz.so.1.2.8
7fe68ff26000-7fe68ff27000 r--p 00014000 08:08 1709845                    /usr/lib64/libz.so.1.2.8
7fe68ff27000-7fe68ff28000 rw-p 00015000 08:08 1709845                    /usr/lib64/libz.so.1.2.8
7fe68ff28000-7fe68ff58000 r-xp 00000000 08:08 1708037                    /usr/lib64/libk5crypto.so.3.1
7fe68ff58000-7fe690157000 ---p 00030000 08:08 1708037                    /usr/lib64/libk5crypto.so.3.1
7fe690157000-7fe690159000 r--p 0002f000 08:08 1708037                    /usr/lib64/libk5crypto.so.3.1
7fe690159000-7fe69015a000 rw-p 00031000 08:08 1708037                    /usr/lib64/libk5crypto.so.3.1
7fe69015a000-7fe69015b000 rw-p 00000000 00:00 0 
7fe69015b000-7fe69015e000 r-xp 00000000 08:08 1707703                    /usr/lib64/libcom_err.so.2.1
7fe69015e000-7fe69035d000 ---p 00003000 08:08 1707703                    /usr/lib64/libcom_err.so.2.1
7fe69035d000-7fe69035e000 r--p 00002000 08:08 1707703                    /usr/lib64/libcom_err.so.2.1
7fe69035e000-7fe69035f000 rw-p 00003000 08:08 1707703                    /usr/lib64/libcom_err.so.2.1
7fe69035f000-7fe690432000 r-xp 00000000 08:08 1708047                    /usr/lib64/libkrb5.so.3.3
7fe690432000-7fe690631000 ---p 000d3000 08:08 1708047                    /usr/lib64/libkrb5.so.3.3
7fe690631000-7fe69063f000 r--p 000d2000 08:08 1708047                    /usr/lib64/libkrb5.so.3.3
7fe69063f000-7fe690642000 rw-p 000e0000 08:08 1708047                    /usr/lib64/libkrb5.so.3.3
7fe690642000-7fe69068b000 r-xp 00000000 08:08 1707905                    /usr/lib64/libgssapi_krb5.so.2.2
7fe69068b000-7fe69088b000 ---p 00049000 08:08 1707905                    /usr/lib64/libgssapi_krb5.so.2.2
7fe69088b000-7fe69088d000 r--p 00049000 08:08 1707905                    /usr/lib64/libgssapi_krb5.so.2.2
7fe69088d000-7fe69088f000 rw-p 0004b000 08:08 1707905                    /usr/lib64/libgssapi_krb5.so.2.2
7fe69088f000-7fe6908b7000 r-xp 00000000 08:08 1709136                    /usr/lib64/libbson-1.0.so.0.0.0
7fe6908b7000-7fe690ab7000 ---p 00028000 08:08 1709136                    /usr/lib64/libbson-1.0.so.0.0.0
7fe690ab7000-7fe690aba000 r--p 00028000 08:08 1709136                    /usr/lib64/libbson-1.0.so.0.0.0
7fe690aba000-7fe690abb000 rw-p 0002b000 08:08 1709136                    /usr/lib64/libbson-1.0.so.0.0.0
7fe690abb000-7fe690ac1000 rw-p 00000000 00:00 0 
7fe690ac1000-7fe690b0c000 r-xp 00000000 08:08 1732414                    /usr/lib64/libmongoc-1.0.so.0.0.0
7fe690b0c000-7fe690d0b000 ---p 0004b000 08:08 1732414                    /usr/lib64/libmongoc-1.0.so.0.0.0
7fe690d0b000-7fe690d0c000 r--p 0004a000 08:08 1732414                    /usr/lib64/libmongoc-1.0.so.0.0.0
7fe690d0c000-7fe690d0d000 rw-p 0004b000 08:08 1732414                    /usr/lib64/libmongoc-1.0.so.0.0.0
7fe690d0d000-7fe690d0e000 rw-p 00000000 00:00 0 
7fe690d0e000-7fe690d15000 r-xp 00000000 08:08 1708264                    /usr/lib64/librt-2.20.so
7fe690d15000-7fe690f14000 ---p 00007000 08:08 1708264                    /usr/lib64/librt-2.20.so
7fe690f14000-7fe690f15000 r--p 00006000 08:08 1708264                    /usr/lib64/librt-2.20.so
7fe690f15000-7fe690f16000 rw-p 00007000 08:08 1708264                    /usr/lib64/librt-2.20.so
7fe690f16000-7fe6910d6000 r-xp 00000000 08:08 1707474                    /usr/lib64/libcrypto.so.1.0.1k
7fe6910d6000-7fe6912d5000 ---p 001c0000 08:08 1707474                    /usr/lib64/libcrypto.so.1.0.1k
7fe6912d5000-7fe6912f2000 r--p 001bf000 08:08 1707474                    /usr/lib64/libcrypto.so.1.0.1k
7fe6912f2000-7fe6912ff000 rw-p 001dc000 08:08 1707474                    /usr/lib64/libcrypto.so.1.0.1k
7fe6912ff000-7fe691303000 rw-p 00000000 00:00 0 
7fe691303000-7fe691368000 r-xp 00000000 08:08 1707712                    /usr/lib64/libssl.so.1.0.1k
7fe691368000-7fe691567000 ---p 00065000 08:08 1707712                    /usr/lib64/libssl.so.1.0.1k
7fe691567000-7fe69156b000 r--p 00064000 08:08 1707712                    /usr/lib64/libssl.so.1.0.1k
7fe69156b000-7fe691572000 rw-p 00068000 08:08 1707712                    /usr/lib64/libssl.so.1.0.1k
7fe691572000-7fe691588000 r-xp 00000000 08:08 1711100                    /usr/lib64/libgcc_s-4.9.2-20150212.so.1
7fe691588000-7fe691787000 ---p 00016000 08:08 1711100                    /usr/lib64/libgcc_s-4.9.2-20150212.so.1
7fe691787000-7fe691788000 r--p 00015000 08:08 1711100                    /usr/lib64/libgcc_s-4.9.2-20150212.so.1
7fe691788000-7fe691789000 rw-p 00016000 08:08 1711100                    /usr/lib64/libgcc_s-4.9.2-20150212.so.1
7fe691789000-7fe6917ad000 r-xp 00000000 08:08 1732681                    /usr/lib64/libbsoncxx.so._noabi
7fe6917ad000-7fe6919ac000 ---p 00024000 08:08 1732681                    /usr/lib64/libbsoncxx.so._noabi
7fe6919ac000-7fe6919ad000 r--p 00023000 08:08 1732681                    /usr/lib64/libbsoncxx.so._noabi
7fe6919ad000-7fe6919ae000 rw-p 00024000 08:08 1732681                    /usr/lib64/libbsoncxx.so._noabi
7fe6919ae000-7fe6919ec000 r-xp 00000000 08:08 1732685                    /usr/lib64/libmongocxx.so._noabi
7fe6919ec000-7fe691beb000 ---p 0003e000 08:08 1732685                    /usr/lib64/libmongocxx.so._noabi
7fe691beb000-7fe691bec000 r--p 0003d000 08:08 1732685                    /usr/lib64/libmongocxx.so._noabi
7fe691bec000-7fe691bed000 rw-p 0003e000 08:08 1732685                    /usr/lib64/libmongocxx.so._noabi
7fe691bed000-7fe691cf4000 r-xp 00000000 08:08 1707734                    /usr/lib64/libm-2.20.so
7fe691cf4000-7fe691ef3000 ---p 00107000 08:08 1707734                    /usr/lib64/libm-2.20.so
7fe691ef3000-7fe691ef4000 r--p 00106000 08:08 1707734                    /usr/lib64/libm-2.20.so
7fe691ef4000-7fe691ef5000 rw-p 00107000 08:08 1707734                    /usr/lib64/libm-2.20.so
7fe691ef5000-7fe691fe5000 r-xp 00000000 08:08 1708330                    /usr/lib64/libstdc++.so.6.0.20
7fe691fe5000-7fe6921e5000 ---p 000f0000 08:08 1708330                    /usr/lib64/libstdc++.so.6.0.20
7fe6921e5000-7fe6921ed000 r--p 000f0000 08:08 1708330                    /usr/lib64/libstdc++.so.6.0.20
7fe6921ed000-7fe6921ef000 rw-p 000f8000 08:08 1708330                    /usr/lib64/libstdc++.so.6.0.20
7fe6921ef000-7fe692204000 rw-p 00000000 00:00 0 
7fe692204000-7fe692ddb000 r-xp 00000000 08:0c 449156                     /media/sda13/OpenJDK/openjdk_orig/openjdk/build/linux-x86_64-normal-server-release/jdk/lib/amd64/server/libjvm.so
7fe692ddb000-7fe692fdb000 ---p 00bd7000 08:0c 449156                     /media/sda13/OpenJDK/openjdk_orig/openjdk/build/linux-x86_64-normal-server-release/jdk/lib/amd64/server/libjvm.so
7fe692fdb000-7fe69307a000 r--p 00bd7000 08:0c 449156                     /media/sda13/OpenJDK/openjdk_orig/openjdk/build/linux-x86_64-normal-server-release/jdk/lib/amd64/server/libjvm.so
7fe69307a000-7fe6930a2000 rw-p 00c76000 08:0c 449156                     /media/sda13/OpenJDK/openjdk_orig/openjdk/build/linux-x86_64-normal-server-release/jdk/lib/amd64/server/libjvm.so
7fe6930a2000-7fe6930cf000 rw-p 00000000 00:00 0 
7fe6930cf000-7fe693282000 r-xp 00000000 08:08 1707601                    /usr/lib64/libc-2.20.so
7fe693282000-7fe693482000 ---p 001b3000 08:08 1707601                    /usr/lib64/libc-2.20.so
7fe693482000-7fe693486000 r--p 001b3000 08:08 1707601                    /usr/lib64/libc-2.20.so
7fe693486000-7fe693488000 rw-p 001b7000 08:08 1707601                    /usr/lib64/libc-2.20.so
7fe693488000-7fe69348c000 rw-p 00000000 00:00 0 
7fe69348c000-7fe69348f000 r-xp 00000000 08:08 1707711                    /usr/lib64/libdl-2.20.so
7fe69348f000-7fe69368e000 ---p 00003000 08:08 1707711                    /usr/lib64/libdl-2.20.so
7fe69368e000-7fe69368f000 r--p 00002000 08:08 1707711                    /usr/lib64/libdl-2.20.so
7fe69368f000-7fe693690000 rw-p 00003000 08:08 1707711                    /usr/lib64/libdl-2.20.so
7fe693690000-7fe6936a8000 r-xp 00000000 08:0c 553083                     /media/sda13/OpenJDK/openjdk_orig/openjdk/build/linux-x86_64-normal-server-release/jdk/lib/amd64/jli/libjli.so
7fe6936a8000-7fe6938a8000 ---p 00018000 08:0c 553083                     /media/sda13/OpenJDK/openjdk_orig/openjdk/build/linux-x86_64-normal-server-release/jdk/lib/amd64/jli/libjli.so
7fe6938a8000-7fe6938a9000 r--p 00018000 08:0c 553083                     /media/sda13/OpenJDK/openjdk_orig/openjdk/build/linux-x86_64-normal-server-release/jdk/lib/amd64/jli/libjli.so
7fe6938a9000-7fe6938aa000 rw-p 00019000 08:0c 553083                     /media/sda13/OpenJDK/openjdk_orig/openjdk/build/linux-x86_64-normal-server-release/jdk/lib/amd64/jli/libjli.so
7fe6938aa000-7fe6938c1000 r-xp 00000000 08:08 1708133                    /usr/lib64/libpthread-2.20.so
7fe6938c1000-7fe693ac0000 ---p 00017000 08:08 1708133                    /usr/lib64/libpthread-2.20.so
7fe693ac0000-7fe693ac1000 r--p 00016000 08:08 1708133                    /usr/lib64/libpthread-2.20.so
7fe693ac1000-7fe693ac2000 rw-p 00017000 08:08 1708133                    /usr/lib64/libpthread-2.20.so
7fe693ac2000-7fe693ac6000 rw-p 00000000 00:00 0 
7fe693ac6000-7fe693ae7000 r-xp 00000000 08:08 1710921                    /usr/lib64/ld-2.20.so
7fe693b38000-7fe693b3a000 rw-p 00000000 00:00 0 
7fe693b3a000-7fe693b3c000 r--s 0000c000 08:05 2800034                    /media/sda5/home/abhi/dacapo-9.12-src/dacapo/scratch/jar/lucene-demos-2.4.jar
7fe693b3c000-7fe693b4a000 r--s 000bb000 08:05 2800024                    /media/sda5/home/abhi/dacapo-9.12-src/dacapo/scratch/jar/lucene-core-2.4.jar
7fe693b4a000-7fe693b4b000 r--s 00001000 08:05 2800022                    /media/sda5/home/abhi/dacapo-9.12-src/dacapo/scratch/jar/lusearch.jar
7fe693b4b000-7fe693b4f000 r--s 09f57000 08:0c 436610                     /media/sda13/OpenJDK/openjdk_orig/openjdk/build/linux-x86_64-normal-server-release/jdk/bin/dacapo.jar
7fe693b4f000-7fe693b53000 r--s 00036000 08:0c 436297                     /media/sda13/OpenJDK/openjdk_orig/openjdk/build/linux-x86_64-normal-server-release/jdk/lib/ext/sunpkcs11.jar
7fe693b53000-7fe693b59000 r--s 0003a000 08:0c 436388                     /media/sda13/OpenJDK/openjdk_orig/openjdk/build/linux-x86_64-normal-server-release/jdk/lib/ext/sunjce_provider.jar
7fe693b59000-7fe693b5a000 r--s 00008000 08:0c 436294                     /media/sda13/OpenJDK/openjdk_orig/openjdk/build/linux-x86_64-normal-server-release/jdk/lib/ext/sunec.jar
7fe693b5a000-7fe693b5c000 r--s 00015000 08:0c 436387                     /media/sda13/OpenJDK/openjdk_orig/openjdk/build/linux-x86_64-normal-server-release/jdk/lib/jce.jar
7fe693b5c000-7fe693bb7000 rw-p 00000000 00:00 0 
7fe693bb7000-7fe693bba000 ---p 00000000 00:00 0 
7fe693bba000-7fe693cb8000 rw-p 00000000 00:00 0                          [stack:874]
7fe693cb8000-7fe693cba000 rw-s 00000000 00:12 312538                     /dev/shm/mongoc-872
7fe693cba000-7fe693cdc000 rw-p 00000000 00:00 0 
7fe693cdc000-7fe693ce4000 rw-s 00000000 00:24 312542                     /tmp/hsperfdata_abhi/872
7fe693ce4000-7fe693ce5000 rw-p 00000000 00:00 0 
7fe693ce5000-7fe693ce6000 r--p 00000000 00:00 0 
7fe693ce6000-7fe693ce7000 rw-p 00000000 00:00 0 
7fe693ce7000-7fe693ce8000 r--p 00021000 08:08 1710921                    /usr/lib64/ld-2.20.so
7fe693ce8000-7fe693ce9000 rw-p 00022000 08:08 1710921                    /usr/lib64/ld-2.20.so
7fe693ce9000-7fe693cea000 rw-p 00000000 00:00 0 
7fff0e3c6000-7fff0e3e7000 rw-p 00000000 00:00 0                          [stack]
7fff0e3e8000-7fff0e3ea000 r--p 00000000 00:00 0                          [vvar]
7fff0e3ea000-7fff0e3ec000 r-xp 00000000 00:00 0                          [vdso]
ffffffffff600000-ffffffffff601000 r-xp 00000000 00:00 0                  [vsyscall]

VM Arguments:
jvm_args: -XX:+PrintCompilation 
java_command: /media/sda13/OpenJDK/openjdk_orig/openjdk/build/linux-x86_64-normal-server-release/jdk/bin/dacapo.jar lusearch
java_class_path (initial): /media/sda13/OpenJDK/openjdk_orig/openjdk/build/linux-x86_64-normal-server-release/jdk/bin/dacapo.jar
Launcher Type: SUN_STANDARD

Environment Variables:
PATH=/usr/lib64/qt-3.3/bin:/usr/lib64/ccache:/usr/local/bin:/usr/local/sbin:/usr/bin:/usr/sbin:/bin:/sbin:/home/abhi/.local/bin:/home/abhi/bin
USERNAME=abhi
SHELL=/bin/bash
DISPLAY=:0

Signal Handlers:
SIGSEGV: [libjvm.so+0x9eb690], sa_mask[0]=0x7ffbfeff, sa_flags=0x10000004
SIGBUS: [libjvm.so+0x9eb690], sa_mask[0]=0x7ffbfeff, sa_flags=0x10000004
SIGFPE: [libjvm.so+0x84bca0], sa_mask[0]=0x7ffbfeff, sa_flags=0x10000004
SIGPIPE: [libjvm.so+0x84bca0], sa_mask[0]=0x7ffbfeff, sa_flags=0x10000004
SIGXFSZ: [libjvm.so+0x84bca0], sa_mask[0]=0x7ffbfeff, sa_flags=0x10000004
SIGILL: [libjvm.so+0x84bca0], sa_mask[0]=0x7ffbfeff, sa_flags=0x10000004
SIGUSR1: SIG_DFL, sa_mask[0]=0x00000000, sa_flags=0x00000000
SIGUSR2: [libjvm.so+0x84bb70], sa_mask[0]=0x00000000, sa_flags=0x10000004
SIGHUP: [libjvm.so+0x84bf10], sa_mask[0]=0x7ffbfeff, sa_flags=0x10000004
SIGINT: [libjvm.so+0x84bf10], sa_mask[0]=0x7ffbfeff, sa_flags=0x10000004
SIGTERM: [libjvm.so+0x84bf10], sa_mask[0]=0x7ffbfeff, sa_flags=0x10000004
SIGQUIT: [libjvm.so+0x84bf10], sa_mask[0]=0x7ffbfeff, sa_flags=0x10000004


---------------  S Y S T E M  ---------------

OS:Fedora release 21 (Twenty One)

uname:Linux 3.19.3-200.fc21.x86_64 #1 SMP Thu Mar 26 21:39:42 UTC 2015 x86_64
libc:glibc 2.20 NPTL 2.20 
rlimit: STACK 8192k, CORE 0k, NPROC 4096, NOFILE 4096, AS infinity
load average:0.54 0.38 0.52

/proc/meminfo:
MemTotal:        6008776 kB
MemFree:         1213004 kB
MemAvailable:    2860700 kB
Buffers:          488584 kB
Cached:          1479880 kB
SwapCached:         2456 kB
Active:          2584280 kB
Inactive:        1888312 kB
Active(anon):    1855780 kB
Inactive(anon):   869588 kB
Active(file):     728500 kB
Inactive(file):  1018724 kB
Unevictable:           0 kB
Mlocked:               0 kB
SwapTotal:       2048252 kB
SwapFree:        2008780 kB
Dirty:              1928 kB
Writeback:             0 kB
AnonPages:       2501884 kB
Mapped:           274416 kB
Shmem:            221276 kB
Slab:             203924 kB
SReclaimable:     138828 kB
SUnreclaim:        65096 kB
KernelStack:        9680 kB
PageTables:        42384 kB
NFS_Unstable:          0 kB
Bounce:                0 kB
WritebackTmp:          0 kB
CommitLimit:     5052640 kB
Committed_AS:    6638544 kB
VmallocTotal:   34359738367 kB
VmallocUsed:      564460 kB
VmallocChunk:   34359087112 kB
HardwareCorrupted:     0 kB
AnonHugePages:         0 kB
HugePages_Total:       0
HugePages_Free:        0
HugePages_Rsvd:        0
HugePages_Surp:        0
Hugepagesize:       2048 kB
DirectMap4k:      186108 kB
DirectMap2M:     6002688 kB


CPU:total 8 (4 cores per cpu, 2 threads per core) family 6 model 58 stepping 9, cmov, cx8, fxsr, mmx, sse, sse2, sse3, ssse3, sse4.1, sse4.2, popcnt, avx, aes, clmul, erms, ht, tsc, tscinvbit

/proc/cpuinfo:
processor	: 0
vendor_id	: GenuineIntel
cpu family	: 6
model		: 58
model name	: Intel(R) Core(TM) i7-3610QM CPU @ 2.30GHz
stepping	: 9
microcode	: 0x1b
cpu MHz		: 3007.070
cache size	: 6144 KB
physical id	: 0
siblings	: 8
core id		: 0
cpu cores	: 4
apicid		: 0
initial apicid	: 0
fpu		: yes
fpu_exception	: yes
cpuid level	: 13
wp		: yes
flags		: fpu vme de pse tsc msr pae mce cx8 apic sep mtrr pge mca cmov pat pse36 clflush dts acpi mmx fxsr sse sse2 ss ht tm pbe syscall nx rdtscp lm constant_tsc arch_perfmon pebs bts rep_good nopl xtopology nonstop_tsc aperfmperf eagerfpu pni pclmulqdq dtes64 monitor ds_cpl vmx est tm2 ssse3 cx16 xtpr pdcm pcid sse4_1 sse4_2 x2apic popcnt tsc_deadline_timer aes xsave avx f16c rdrand lahf_lm arat epb pln pts dtherm tpr_shadow vnmi flexpriority ept vpid fsgsbase smep erms xsaveopt
bugs		:
bogomips	: 4589.60
clflush size	: 64
cache_alignment	: 64
address sizes	: 36 bits physical, 48 bits virtual
power management:

processor	: 1
vendor_id	: GenuineIntel
cpu family	: 6
model		: 58
model name	: Intel(R) Core(TM) i7-3610QM CPU @ 2.30GHz
stepping	: 9
microcode	: 0x1b
cpu MHz		: 3190.980
cache size	: 6144 KB
physical id	: 0
siblings	: 8
core id		: 0
cpu cores	: 4
apicid		: 1
initial apicid	: 1
fpu		: yes
fpu_exception	: yes
cpuid level	: 13
wp		: yes
flags		: fpu vme de pse tsc msr pae mce cx8 apic sep mtrr pge mca cmov pat pse36 clflush dts acpi mmx fxsr sse sse2 ss ht tm pbe syscall nx rdtscp lm constant_tsc arch_perfmon pebs bts rep_good nopl xtopology nonstop_tsc aperfmperf eagerfpu pni pclmulqdq dtes64 monitor ds_cpl vmx est tm2 ssse3 cx16 xtpr pdcm pcid sse4_1 sse4_2 x2apic popcnt tsc_deadline_timer aes xsave avx f16c rdrand lahf_lm arat epb pln pts dtherm tpr_shadow vnmi flexpriority ept vpid fsgsbase smep erms xsaveopt
bugs		:
bogomips	: 4589.60
clflush size	: 64
cache_alignment	: 64
address sizes	: 36 bits physical, 48 bits virtual
power management:

processor	: 2
vendor_id	: GenuineIntel
cpu family	: 6
model		: 58
model name	: Intel(R) Core(TM) i7-3610QM CPU @ 2.30GHz
stepping	: 9
microcode	: 0x1b
cpu MHz		: 3153.785
cache size	: 6144 KB
physical id	: 0
siblings	: 8
core id		: 1
cpu cores	: 4
apicid		: 2
initial apicid	: 2
fpu		: yes
fpu_exception	: yes
cpuid level	: 13
wp		: yes
flags		: fpu vme de pse tsc msr pae mce cx8 apic sep mtrr pge mca cmov pat pse36 clflush dts acpi mmx fxsr sse sse2 ss ht tm pbe syscall nx rdtscp lm constant_tsc arch_perfmon pebs bts rep_good nopl xtopology nonstop_tsc aperfmperf eagerfpu pni pclmulqdq dtes64 monitor ds_cpl vmx est tm2 ssse3 cx16 xtpr pdcm pcid sse4_1 sse4_2 x2apic popcnt tsc_deadline_timer aes xsave avx f16c rdrand lahf_lm arat epb pln pts dtherm tpr_shadow vnmi flexpriority ept vpid fsgsbase smep erms xsaveopt
bugs		:
bogomips	: 4589.60
clflush size	: 64
cache_alignment	: 64
address sizes	: 36 bits physical, 48 bits virtual
power management:

processor	: 3
vendor_id	: GenuineIntel
cpu family	: 6
model		: 58
model name	: Intel(R) Core(TM) i7-3610QM CPU @ 2.30GHz
stepping	: 9
microcode	: 0x1b
cpu MHz		: 3129.437
cache size	: 6144 KB
physical id	: 0
siblings	: 8
core id		: 1
cpu cores	: 4
apicid		: 3
initial apicid	: 3
fpu		: yes
fpu_exception	: yes
cpuid level	: 13
wp		: yes
flags		: fpu vme de pse tsc msr pae mce cx8 apic sep mtrr pge mca cmov pat pse36 clflush dts acpi mmx fxsr sse sse2 ss ht tm pbe syscall nx rdtscp lm constant_tsc arch_perfmon pebs bts rep_good nopl xtopology nonstop_tsc aperfmperf eagerfpu pni pclmulqdq dtes64 monitor ds_cpl vmx est tm2 ssse3 cx16 xtpr pdcm pcid sse4_1 sse4_2 x2apic popcnt tsc_deadline_timer aes xsave avx f16c rdrand lahf_lm arat epb pln pts dtherm tpr_shadow vnmi flexpriority ept vpid fsgsbase smep erms xsaveopt
bugs		:
bogomips	: 4589.60
clflush size	: 64
cache_alignment	: 64
address sizes	: 36 bits physical, 48 bits virtual
power management:

processor	: 4
vendor_id	: GenuineIntel
cpu family	: 6
model		: 58
model name	: Intel(R) Core(TM) i7-3610QM CPU @ 2.30GHz
stepping	: 9
microcode	: 0x1b
cpu MHz		: 3167.710
cache size	: 6144 KB
physical id	: 0
siblings	: 8
core id		: 2
cpu cores	: 4
apicid		: 4
initial apicid	: 4
fpu		: yes
fpu_exception	: yes
cpuid level	: 13
wp		: yes
flags		: fpu vme de pse tsc msr pae mce cx8 apic sep mtrr pge mca cmov pat pse36 clflush dts acpi mmx fxsr sse sse2 ss ht tm pbe syscall nx rdtscp lm constant_tsc arch_perfmon pebs bts rep_good nopl xtopology nonstop_tsc aperfmperf eagerfpu pni pclmulqdq dtes64 monitor ds_cpl vmx est tm2 ssse3 cx16 xtpr pdcm pcid sse4_1 sse4_2 x2apic popcnt tsc_deadline_timer aes xsave avx f16c rdrand lahf_lm arat epb pln pts dtherm tpr_shadow vnmi flexpriority ept vpid fsgsbase smep erms xsaveopt
bugs		:
bogomips	: 4589.60
clflush size	: 64
cache_alignment	: 64
address sizes	: 36 bits physical, 48 bits virtual
power management:

processor	: 5
vendor_id	: GenuineIntel
cpu family	: 6
model		: 58
model name	: Intel(R) Core(TM) i7-3610QM CPU @ 2.30GHz
stepping	: 9
microcode	: 0x1b
cpu MHz		: 3100.597
cache size	: 6144 KB
physical id	: 0
siblings	: 8
core id		: 2
cpu cores	: 4
apicid		: 5
initial apicid	: 5
fpu		: yes
fpu_exception	: yes
cpuid level	: 13
wp		: yes
flags		: fpu vme de pse tsc msr pae mce cx8 apic sep mtrr pge mca cmov pat pse36 clflush dts acpi mmx fxsr sse sse2 ss ht tm pbe syscall nx rdtscp lm constant_tsc arch_perfmon pebs bts rep_good nopl xtopology nonstop_tsc aperfmperf eagerfpu pni pclmulqdq dtes64 monitor ds_cpl vmx est tm2 ssse3 cx16 xtpr pdcm pcid sse4_1 sse4_2 x2apic popcnt tsc_deadline_timer aes xsave avx f16c rdrand lahf_lm arat epb pln pts dtherm tpr_shadow vnmi flexpriority ept vpid fsgsbase smep erms xsaveopt
bugs		:
bogomips	: 4589.60
clflush size	: 64
cache_alignment	: 64
address sizes	: 36 bits physical, 48 bits virtual
power management:

processor	: 6
vendor_id	: GenuineIntel
cpu family	: 6
model		: 58
model name	: Intel(R) Core(TM) i7-3610QM CPU @ 2.30GHz
stepping	: 9
microcode	: 0x1b
cpu MHz		: 2201.531
cache size	: 6144 KB
physical id	: 0
siblings	: 8
core id		: 3
cpu cores	: 4
apicid		: 6
initial apicid	: 6
fpu		: yes
fpu_exception	: yes
cpuid level	: 13
wp		: yes
flags		: fpu vme de pse tsc msr pae mce cx8 apic sep mtrr pge mca cmov pat pse36 clflush dts acpi mmx fxsr sse sse2 ss ht tm pbe syscall nx rdtscp lm constant_tsc arch_perfmon pebs bts rep_good nopl xtopology nonstop_tsc aperfmperf eagerfpu pni pclmulqdq dtes64 monitor ds_cpl vmx est tm2 ssse3 cx16 xtpr pdcm pcid sse4_1 sse4_2 x2apic popcnt tsc_deadline_timer aes xsave avx f16c rdrand lahf_lm arat epb pln pts dtherm tpr_shadow vnmi flexpriority ept vpid fsgsbase smep erms xsaveopt
bugs		:
bogomips	: 4589.60
clflush size	: 64
cache_alignment	: 64
address sizes	: 36 bits physical, 48 bits virtual
power management:

processor	: 7
vendor_id	: GenuineIntel
cpu family	: 6
model		: 58
model name	: Intel(R) Core(TM) i7-3610QM CPU @ 2.30GHz
stepping	: 9
microcode	: 0x1b
cpu MHz		: 2642.035
cache size	: 6144 KB
physical id	: 0
siblings	: 8
core id		: 3
cpu cores	: 4
apicid		: 7
initial apicid	: 7
fpu		: yes
fpu_exception	: yes
cpuid level	: 13
wp		: yes
flags		: fpu vme de pse tsc msr pae mce cx8 apic sep mtrr pge mca cmov pat pse36 clflush dts acpi mmx fxsr sse sse2 ss ht tm pbe syscall nx rdtscp lm constant_tsc arch_perfmon pebs bts rep_good nopl xtopology nonstop_tsc aperfmperf eagerfpu pni pclmulqdq dtes64 monitor ds_cpl vmx est tm2 ssse3 cx16 xtpr pdcm pcid sse4_1 sse4_2 x2apic popcnt tsc_deadline_timer aes xsave avx f16c rdrand lahf_lm arat epb pln pts dtherm tpr_shadow vnmi flexpriority ept vpid fsgsbase smep erms xsaveopt
bugs		:
bogomips	: 4589.60
clflush size	: 64
cache_alignment	: 64
address sizes	: 36 bits physical, 48 bits virtual
power management:



Memory: 4k page, physical 6008776k(1213004k free), swap 2048252k(2008780k free)

vm_info: OpenJDK 64-Bit Server VM (25.0-b70) for linux-amd64 JRE (1.8.0-internal-abhi_2016_03_04_12_45-b00), built on Mar  8 2016 21:26:29 by "abhi" with gcc 4.9.2 20150212 (Red Hat 4.9.2-6)

time: Wed Mar  9 23:01:59 2016
elapsed time: 14 seconds

